[
  {
    "generated_at": "2026-04-17T18:12:15.291543+00:00",
    "source_type": "windows",
    "row_index": 9,
    "anomaly_score": 1192847.937772,
    "prediction": "anomaly",
    "threshold": 0.33231965863918606,
    "threat_score": 100.0,
    "threat_level": "critical",
    "source_ip": "185.234.219.5",
    "username": "Administrator",
    "event_time": "2026-04-17T18:12:15.291543Z",
    "host": null,
    "attack_type": "Windows Anomaly",
    "recommended_actions": [
      "Review the affected host and recent Windows security events around the same time.",
      "Escalate to the security team and open an incident ticket."
    ],
    "raw_context": {
      "event_id": 4625,
      "source": "Microsoft-Windows-Security-Auditing",
      "task_category": "An account failed to log on"
    }
  },
  {
    "generated_at": "2026-04-17T18:12:45.640374+00:00",
    "source_type": "web",
    "row_index": 9,
    "anomaly_score": 11.0396,
    "prediction": "anomaly",
    "threshold": 0.006936572690702766,
    "threat_score": 100.0,
    "threat_level": "critical",
    "source_ip": null,
    "username": "admin",
    "event_time": "2026-04-17T18:12:45.640374Z",
    "host": null,
    "attack_type": "SQL Injection",
    "recommended_actions": [
      "Block or rate-limit the source IP on the firewall/WAF.",
      "Inspect the vulnerable endpoint, sanitize inputs, and review recent database queries.",
      "Escalate to the security team and open an incident ticket."
    ],
    "raw_context": {
      "url": "GET /login?username=admin' OR 1=1--&password=x HTTP/1.1",
      "query": "username=admin' OR 1=1--&password=x HTTP/1.1"
    }
  },
  {
    "generated_at": "2026-04-17T18:16:08.298064+00:00",
    "source_type": "web",
    "row_index": 9,
    "anomaly_score": 11.0396,
    "prediction": "anomaly",
    "threshold": 0.006936572690702766,
    "threat_score": 100.0,
    "threat_level": "critical",
    "source_ip": null,
    "username": "admin",
    "event_time": "2026-04-17T18:16:08.298064Z",
    "host": null,
    "attack_type": "SQL Injection",
    "recommended_actions": [
      "Block or rate-limit the source IP on the firewall/WAF.",
      "Inspect the vulnerable endpoint, sanitize inputs, and review recent database queries.",
      "Escalate to the security team and open an incident ticket."
    ],
    "raw_context": {
      "url": "GET /login?username=admin' OR 1=1--&password=x HTTP/1.1",
      "query": "username=admin' OR 1=1--&password=x HTTP/1.1"
    }
  },
  {
    "generated_at": "2026-04-17T18:16:12.167520+00:00",
    "source_type": "web",
    "row_index": 9,
    "anomaly_score": 11.038342,
    "prediction": "anomaly",
    "threshold": 0.006936572690702766,
    "threat_score": 100.0,
    "threat_level": "critical",
    "source_ip": null,
    "username": null,
    "event_time": "2026-04-17T18:16:12.167520Z",
    "host": null,
    "attack_type": "Cross-Site Scripting (XSS)",
    "recommended_actions": [
      "Block or rate-limit the source IP on the firewall/WAF.",
      "Encode output, validate input, and inspect recent reflected/stored payloads.",
      "Escalate to the security team and open an incident ticket."
    ],
    "raw_context": {
      "url": "POST /comment HTTP/1.1 body=<script>alert(1)<:/script>",
      "query": ""
    }
  },
  {
    "generated_at": "2026-04-17T18:16:18.543546+00:00",
    "source_type": "windows",
    "row_index": 9,
    "anomaly_score": 1192847.937772,
    "prediction": "anomaly",
    "threshold": 0.33231965863918606,
    "threat_score": 100.0,
    "threat_level": "critical",
    "source_ip": "185.234.219.5",
    "username": "Administrator",
    "event_time": "2026-04-17T18:16:18.543546Z",
    "host": null,
    "attack_type": "Brute Force / Failed Logon",
    "recommended_actions": [
      "Review the affected host and recent Windows security events around the same time.",
      "Reset impacted credentials, enable MFA, and review failed login spikes.",
      "Escalate to the security team and open an incident ticket."
    ],
    "raw_context": {
      "event_id": 4625,
      "task_category": "2024-04-17 03:11:42 Security EventID=4625 An account failed to log on User=Administrator SRC=185.234.219.5 FailureReason=Unknown user or bad password",
      "host": null
    }
  },
  {
    "generated_at": "2026-04-17T18:16:25.815254+00:00",
    "source_type": "windows",
    "row_index": 9,
    "anomaly_score": 1192847.937772,
    "prediction": "anomaly",
    "threshold": 0.33231965863918606,
    "threat_score": 100.0,
    "threat_level": "critical",
    "source_ip": "185.234.219.5",
    "username": "Administrator",
    "event_time": "2026-04-17T18:16:25.815254Z",
    "host": null,
    "attack_type": "Windows Anomaly",
    "recommended_actions": [
      "Review the affected host and recent Windows security events around the same time.",
      "Escalate to the security team and open an incident ticket."
    ],
    "raw_context": {
      "event_id": 4625,
      "source": "Microsoft-Windows-Security-Auditing",
      "task_category": "An account failed to log on"
    }
  },
  {
    "generated_at": "2026-04-17T18:16:35.604004+00:00",
    "source_type": "network",
    "row_index": 19,
    "anomaly_score": 603.110705,
    "prediction": "anomaly",
    "threshold": 0.6430182176908295,
    "threat_score": 100.0,
    "threat_level": "critical",
    "source_ip": "185.220.101.45",
    "username": null,
    "event_time": "2026-04-17T18:16:35.604004Z",
    "host": null,
    "attack_type": "Port Scan / Reconnaissance",
    "recommended_actions": [
      "Block or rate-limit the source IP on the firewall/WAF.",
      "Escalate to the security team and open an incident ticket."
    ],
    "raw_context": {}
  },
  {
    "generated_at": "2026-04-17T18:25:48.380955+00:00",
    "source_type": "web",
    "row_index": 9,
    "anomaly_score": 11.0396,
    "prediction": "anomaly",
    "threshold": 0.006936572690702766,
    "threat_score": 100.0,
    "threat_level": "critical",
    "source_ip": null,
    "username": "admin",
    "event_time": "2026-04-17T18:25:48.380955Z",
    "host": null,
    "attack_type": "SQL Injection",
    "recommended_actions": [
      "Block or rate-limit the source IP on the firewall/WAF.",
      "Inspect the vulnerable endpoint, sanitize inputs, and review recent database queries.",
      "Escalate to the security team and open an incident ticket."
    ],
    "raw_context": {
      "url": "GET /login?username=admin' OR 1=1--&password=x HTTP/1.1",
      "query": "username=admin' OR 1=1--&password=x HTTP/1.1"
    }
  },
  {
    "generated_at": "2026-04-17T18:34:53.490865+00:00",
    "source_type": "web",
    "row_index": 9,
    "anomaly_score": 11.0396,
    "prediction": "anomaly",
    "threshold": 0.006936572690702766,
    "threat_score": 100.0,
    "threat_level": "critical",
    "source_ip": null,
    "username": "admin",
    "event_time": "2026-04-17T18:34:53.490865Z",
    "host": null,
    "attack_type": "SQL Injection",
    "recommended_actions": [
      "Block or rate-limit the source IP on the firewall/WAF.",
      "Inspect the vulnerable endpoint, sanitize inputs, and review recent database queries.",
      "Escalate to the security team and open an incident ticket."
    ],
    "raw_context": {
      "url": "GET /login?username=admin' OR 1=1--&password=x HTTP/1.1",
      "query": "username=admin' OR 1=1--&password=x HTTP/1.1"
    }
  },
  {
    "generated_at": "2026-04-17T18:47:15.481875+00:00",
    "source_type": "web",
    "row_index": 9,
    "anomaly_score": 117.464112,
    "prediction": "anomaly",
    "threshold": 0.006936572690702766,
    "threat_score": 100.0,
    "threat_level": "critical",
    "source_ip": "192.168.1.10",
    "username": "mohamed",
    "event_time": "2026-04-17T18:47:15.485085Z",
    "host": null,
    "attack_type": "Web Anomaly",
    "recommended_actions": [
      "Block or rate-limit the source IP on the firewall/WAF.",
      "Escalate to the security team and open an incident ticket."
    ],
    "raw_context": {
      "url": "[\n  {\n    \"timestamp\": \"2026-04-17T10:15:22\",\n    \"source_ip\": \"192.168.1.10\",\n    \"method\": \"GET\",\n    \"url\": \"/home\",\n    \"query\": \"\",\n    \"body\": \"\",\n    \"status_code\": 200,\n    \"user_agent\": \"Mozilla/5.0 (Windows NT 10.0; Win64; x64) Chrome/135.0\"\n  },\n  {\n    \"timestamp\": \"2026-04-17T10:16:01\",\n    \"source_ip\": \"192.168.1.11\",\n    \"method\": \"POST\",\n    \"url\": \"/login\",\n    \"query\": \"\",\n    \"body\": \"username=mohamed&password=UserPass123\",\n    \"status_code\": 200,\n    \"user_agent\": \"Mozilla/5.0 (Windows NT 10.0; Win64; x64) Chrome/135.0\"\n  },\n  {\n    \"timestamp\": \"2026-04-17T10:17:10\",\n    \"source_ip\": \"192.168.1.12\",\n    \"method\": \"GET\",\n    \"url\": \"/products\",\n    \"query\": \"category=laptops&page=1\",\n    \"body\": \"\",\n    \"status_code\": 200,\n    \"user_agent\": \"Mozilla/5.0 (X11; Linux x86_64) Firefox/137.0\"\n  },\n  {\n    \"timestamp\": \"2026-04-17T10:18:45\",\n    \"source_ip\": \"192.168.1.13\",\n    \"method\": \"GET\",\n    \"url\": \"/about\",\n    \"query\": \"\",\n    \"body\": \"\",\n    \"status_code\": 200,\n    \"user_agent\": \"Mozilla/5.0 (Macintosh; Intel Mac OS X 10_15_7) Safari/605.1\"\n  }\n]",
      "query": ""
    }
  },
  {
    "generated_at": "2026-04-17T18:47:40.807439+00:00",
    "source_type": "web",
    "row_index": 9,
    "anomaly_score": 14.432856,
    "prediction": "anomaly",
    "threshold": 0.006936572690702766,
    "threat_score": 100.0,
    "threat_level": "critical",
    "source_ip": "192.168.1.10",
    "username": null,
    "event_time": "2026-04-17T18:47:40.807439Z",
    "host": null,
    "attack_type": "Web Anomaly",
    "recommended_actions": [
      "Block or rate-limit the source IP on the firewall/WAF.",
      "Escalate to the security team and open an incident ticket."
    ],
    "raw_context": {
      "url": "{\n    \"timestamp\": \"2026-04-17T10:15:22\",\n    \"source_ip\": \"192.168.1.10\",\n    \"method\": \"GET\",\n    \"url\": \"/home\",\n    \"query\": \"\",\n    \"body\": \"\",\n    \"status_code\": 200,\n    \"user_agent\": \"Mozilla/5.0 (Windows NT 10.0; Win64; x64)\n  }",
      "query": ""
    }
  },
  {
    "generated_at": "2026-04-17T18:48:10.564784+00:00",
    "source_type": "web",
    "row_index": 9,
    "anomaly_score": 13.184064,
    "prediction": "anomaly",
    "threshold": 0.006936572690702766,
    "threat_score": 100.0,
    "threat_level": "critical",
    "source_ip": "192.168.1.10",
    "username": null,
    "event_time": "2026-04-17T18:48:10.564784Z",
    "host": null,
    "attack_type": "Web Anomaly",
    "recommended_actions": [
      "Block or rate-limit the source IP on the firewall/WAF.",
      "Escalate to the security team and open an incident ticket."
    ],
    "raw_context": {
      "url": "{\n    \"timestamp\": \"2026-04-17T10:15:22\",\n    \"source_ip\": \"192.168.1.10\",\n    \"method\": \"GET\",\n    \"url\": \"/home\",\n    \"query\": \"\",\n    \"body\": \"\",\n    \"status_code\": 200,\n  }",
      "query": ""
    }
  },
  {
    "generated_at": "2026-04-17T18:48:11.785007+00:00",
    "source_type": "web",
    "row_index": 9,
    "anomaly_score": 13.184064,
    "prediction": "anomaly",
    "threshold": 0.006936572690702766,
    "threat_score": 100.0,
    "threat_level": "critical",
    "source_ip": "192.168.1.10",
    "username": null,
    "event_time": "2026-04-17T18:48:11.785007Z",
    "host": null,
    "attack_type": "Web Anomaly",
    "recommended_actions": [
      "Block or rate-limit the source IP on the firewall/WAF.",
      "Escalate to the security team and open an incident ticket."
    ],
    "raw_context": {
      "url": "{\n    \"timestamp\": \"2026-04-17T10:15:22\",\n    \"source_ip\": \"192.168.1.10\",\n    \"method\": \"GET\",\n    \"url\": \"/home\",\n    \"query\": \"\",\n    \"body\": \"\",\n    \"status_code\": 200,\n  }",
      "query": ""
    }
  },
  {
    "generated_at": "2026-04-17T18:48:13.294102+00:00",
    "source_type": "web",
    "row_index": 9,
    "anomaly_score": 13.184064,
    "prediction": "anomaly",
    "threshold": 0.006936572690702766,
    "threat_score": 100.0,
    "threat_level": "critical",
    "source_ip": "192.168.1.10",
    "username": null,
    "event_time": "2026-04-17T18:48:13.295015Z",
    "host": null,
    "attack_type": "Web Anomaly",
    "recommended_actions": [
      "Block or rate-limit the source IP on the firewall/WAF.",
      "Escalate to the security team and open an incident ticket."
    ],
    "raw_context": {
      "url": "{\n    \"timestamp\": \"2026-04-17T10:15:22\",\n    \"source_ip\": \"192.168.1.10\",\n    \"method\": \"GET\",\n    \"url\": \"/home\",\n    \"query\": \"\",\n    \"body\": \"\",\n    \"status_code\": 200,\n  }",
      "query": ""
    }
  },
  {
    "generated_at": "2026-04-17T18:48:44.909549+00:00",
    "source_type": "web",
    "row_index": 9,
    "anomaly_score": 15.081718,
    "prediction": "anomaly",
    "threshold": 0.006936572690702766,
    "threat_score": 100.0,
    "threat_level": "critical",
    "source_ip": "192.168.1.13",
    "username": null,
    "event_time": "2026-04-17T18:48:44.911340Z",
    "host": null,
    "attack_type": "Web Anomaly",
    "recommended_actions": [
      "Block or rate-limit the source IP on the firewall/WAF.",
      "Escalate to the security team and open an incident ticket."
    ],
    "raw_context": {
      "url": "}\n{\n    \"timestamp\": \"2026-04-17T10:18:45\",\n    \"source_ip\": \"192.168.1.13\",\n    \"method\": \"GET\",\n    \"url\": \"/about\",\n    \"query\": \"\",\n    \"body\": \"\",\n    \"status_code\": 200,\n    \"user_agent\": \"Mozilla/5.0 (Macintosh; Intel Mac OS X 10_15_7) Safari/605.1\"\n  }\n]",
      "query": ""
    }
  },
  {
    "generated_at": "2026-04-17T18:48:46.237798+00:00",
    "source_type": "web",
    "row_index": 9,
    "anomaly_score": 15.081718,
    "prediction": "anomaly",
    "threshold": 0.006936572690702766,
    "threat_score": 100.0,
    "threat_level": "critical",
    "source_ip": "192.168.1.13",
    "username": null,
    "event_time": "2026-04-17T18:48:46.237798Z",
    "host": null,
    "attack_type": "Web Anomaly",
    "recommended_actions": [
      "Block or rate-limit the source IP on the firewall/WAF.",
      "Escalate to the security team and open an incident ticket."
    ],
    "raw_context": {
      "url": "}\n{\n    \"timestamp\": \"2026-04-17T10:18:45\",\n    \"source_ip\": \"192.168.1.13\",\n    \"method\": \"GET\",\n    \"url\": \"/about\",\n    \"query\": \"\",\n    \"body\": \"\",\n    \"status_code\": 200,\n    \"user_agent\": \"Mozilla/5.0 (Macintosh; Intel Mac OS X 10_15_7) Safari/605.1\"\n  }\n]",
      "query": ""
    }
  },
  {
    "generated_at": "2026-04-17T18:48:47.246537+00:00",
    "source_type": "web",
    "row_index": 9,
    "anomaly_score": 15.081718,
    "prediction": "anomaly",
    "threshold": 0.006936572690702766,
    "threat_score": 100.0,
    "threat_level": "critical",
    "source_ip": "192.168.1.13",
    "username": null,
    "event_time": "2026-04-17T18:48:47.246537Z",
    "host": null,
    "attack_type": "Web Anomaly",
    "recommended_actions": [
      "Block or rate-limit the source IP on the firewall/WAF.",
      "Escalate to the security team and open an incident ticket."
    ],
    "raw_context": {
      "url": "}\n{\n    \"timestamp\": \"2026-04-17T10:18:45\",\n    \"source_ip\": \"192.168.1.13\",\n    \"method\": \"GET\",\n    \"url\": \"/about\",\n    \"query\": \"\",\n    \"body\": \"\",\n    \"status_code\": 200,\n    \"user_agent\": \"Mozilla/5.0 (Macintosh; Intel Mac OS X 10_15_7) Safari/605.1\"\n  }\n]",
      "query": ""
    }
  },
  {
    "generated_at": "2026-04-17T18:48:48.166667+00:00",
    "source_type": "web",
    "row_index": 9,
    "anomaly_score": 15.081718,
    "prediction": "anomaly",
    "threshold": 0.006936572690702766,
    "threat_score": 100.0,
    "threat_level": "critical",
    "source_ip": "192.168.1.13",
    "username": null,
    "event_time": "2026-04-17T18:48:48.166667Z",
    "host": null,
    "attack_type": "Web Anomaly",
    "recommended_actions": [
      "Block or rate-limit the source IP on the firewall/WAF.",
      "Escalate to the security team and open an incident ticket."
    ],
    "raw_context": {
      "url": "}\n{\n    \"timestamp\": \"2026-04-17T10:18:45\",\n    \"source_ip\": \"192.168.1.13\",\n    \"method\": \"GET\",\n    \"url\": \"/about\",\n    \"query\": \"\",\n    \"body\": \"\",\n    \"status_code\": 200,\n    \"user_agent\": \"Mozilla/5.0 (Macintosh; Intel Mac OS X 10_15_7) Safari/605.1\"\n  }\n]",
      "query": ""
    }
  },
  {
    "generated_at": "2026-04-17T18:48:49.134885+00:00",
    "source_type": "web",
    "row_index": 9,
    "anomaly_score": 15.081718,
    "prediction": "anomaly",
    "threshold": 0.006936572690702766,
    "threat_score": 100.0,
    "threat_level": "critical",
    "source_ip": "192.168.1.13",
    "username": null,
    "event_time": "2026-04-17T18:48:49.134885Z",
    "host": null,
    "attack_type": "Web Anomaly",
    "recommended_actions": [
      "Block or rate-limit the source IP on the firewall/WAF.",
      "Escalate to the security team and open an incident ticket."
    ],
    "raw_context": {
      "url": "}\n{\n    \"timestamp\": \"2026-04-17T10:18:45\",\n    \"source_ip\": \"192.168.1.13\",\n    \"method\": \"GET\",\n    \"url\": \"/about\",\n    \"query\": \"\",\n    \"body\": \"\",\n    \"status_code\": 200,\n    \"user_agent\": \"Mozilla/5.0 (Macintosh; Intel Mac OS X 10_15_7) Safari/605.1\"\n  }\n]",
      "query": ""
    }
  },
  {
    "generated_at": "2026-04-17T18:49:41.176798+00:00",
    "source_type": "web",
    "row_index": 9,
    "anomaly_score": 13.614296,
    "prediction": "anomaly",
    "threshold": 0.006936572690702766,
    "threat_score": 100.0,
    "threat_level": "critical",
    "source_ip": "45.77.12.90",
    "username": "admin",
    "event_time": "2026-04-17T18:49:41.176798Z",
    "host": null,
    "attack_type": "SQL Injection",
    "recommended_actions": [
      "Block or rate-limit the source IP on the firewall/WAF.",
      "Inspect the vulnerable endpoint, sanitize inputs, and review recent database queries.",
      "Escalate to the security team and open an incident ticket."
    ],
    "raw_context": {
      "url": "{\n    \"timestamp\": \"2026-04-17T11:00:10\",\n    \"source_ip\": \"45.77.12.90\",\n    \"method\": \"GET\",\n    \"url\": \"/login\",\n    \"query\": \"username=admin' OR 1=1--&password=test\",\n    \"body\": \"\",\n    \"status_code\": 500,\n}",
      "query": ""
    }
  },
  {
    "generated_at": "2026-04-17T18:50:28.294801+00:00",
    "source_type": "windows",
    "row_index": 9,
    "anomaly_score": 1192331.003838,
    "prediction": "anomaly",
    "threshold": 0.33231965863918606,
    "threat_score": 100.0,
    "threat_level": "critical",
    "source_ip": null,
    "username": "mohamed",
    "event_time": "2026-04-17T13:00:00",
    "host": null,
    "attack_type": "Windows Anomaly",
    "recommended_actions": [
      "Review the affected host and recent Windows security events around the same time.",
      "Escalate to the security team and open an incident ticket."
    ],
    "raw_context": {
      "event_id": 4624,
      "source": "Microsoft-Windows-Security-Auditing",
      "task_category": "An account was successfully logged on."
    }
  },
  {
    "generated_at": "2026-04-17T18:51:01.496221+00:00",
    "source_type": "web",
    "row_index": 9,
    "anomaly_score": 15.810617,
    "prediction": "anomaly",
    "threshold": 0.006936572690702766,
    "threat_score": 100.0,
    "threat_level": "critical",
    "source_ip": "192.168.1.20",
    "username": null,
    "event_time": "2026-04-17T12:10:00",
    "host": null,
    "attack_type": "Web Anomaly",
    "recommended_actions": [
      "Block or rate-limit the source IP on the firewall/WAF.",
      "Escalate to the security team and open an incident ticket."
    ],
    "raw_context": {
      "url": "{\n  \"timestamp\": \"2026-04-17T12:10:00\",\n  \"src_ip\": \"192.168.1.20\",\n  \"dst_ip\": \"172.217.20.14\",\n  \"protocol\": \"TCP\",\n  \"src_port\": 51520,\n  \"dst_port\": 443,\n  \"service\": \"HTTPS\",\n  \"duration\": 12,\n  \"packets\": 24,\n  \"bytes_sent\": 3200,\n  \"bytes_received\": 18400,\n  \"flag\": \"SF\",\n  \"label\": \"safe\"\n}",
      "query": ""
    }
  },
  {
    "generated_at": "2026-04-17T18:51:09.685085+00:00",
    "source_type": "web",
    "row_index": 9,
    "anomaly_score": 15.810617,
    "prediction": "anomaly",
    "threshold": 0.006936572690702766,
    "threat_score": 100.0,
    "threat_level": "critical",
    "source_ip": "192.168.1.20",
    "username": null,
    "event_time": "2026-04-17T12:10:00",
    "host": null,
    "attack_type": "Web Anomaly",
    "recommended_actions": [
      "Block or rate-limit the source IP on the firewall/WAF.",
      "Escalate to the security team and open an incident ticket."
    ],
    "raw_context": {
      "url": "{\n  \"timestamp\": \"2026-04-17T12:10:00\",\n  \"src_ip\": \"192.168.1.20\",\n  \"dst_ip\": \"172.217.20.14\",\n  \"protocol\": \"TCP\",\n  \"src_port\": 51520,\n  \"dst_port\": 443,\n  \"service\": \"HTTPS\",\n  \"duration\": 12,\n  \"packets\": 24,\n  \"bytes_sent\": 3200,\n  \"bytes_received\": 18400,\n  \"flag\": \"SF\",\n  \"label\": \"safe\"\n}",
      "query": ""
    }
  },
  {
    "generated_at": "2026-04-17T18:51:11.059295+00:00",
    "source_type": "web",
    "row_index": 9,
    "anomaly_score": 15.810617,
    "prediction": "anomaly",
    "threshold": 0.006936572690702766,
    "threat_score": 100.0,
    "threat_level": "critical",
    "source_ip": "192.168.1.20",
    "username": null,
    "event_time": "2026-04-17T12:10:00",
    "host": null,
    "attack_type": "Web Anomaly",
    "recommended_actions": [
      "Block or rate-limit the source IP on the firewall/WAF.",
      "Escalate to the security team and open an incident ticket."
    ],
    "raw_context": {
      "url": "{\n  \"timestamp\": \"2026-04-17T12:10:00\",\n  \"src_ip\": \"192.168.1.20\",\n  \"dst_ip\": \"172.217.20.14\",\n  \"protocol\": \"TCP\",\n  \"src_port\": 51520,\n  \"dst_port\": 443,\n  \"service\": \"HTTPS\",\n  \"duration\": 12,\n  \"packets\": 24,\n  \"bytes_sent\": 3200,\n  \"bytes_received\": 18400,\n  \"flag\": \"SF\",\n  \"label\": \"safe\"\n}",
      "query": ""
    }
  },
  {
    "generated_at": "2026-04-17T18:51:11.717136+00:00",
    "source_type": "web",
    "row_index": 9,
    "anomaly_score": 15.810617,
    "prediction": "anomaly",
    "threshold": 0.006936572690702766,
    "threat_score": 100.0,
    "threat_level": "critical",
    "source_ip": "192.168.1.20",
    "username": null,
    "event_time": "2026-04-17T12:10:00",
    "host": null,
    "attack_type": "Web Anomaly",
    "recommended_actions": [
      "Block or rate-limit the source IP on the firewall/WAF.",
      "Escalate to the security team and open an incident ticket."
    ],
    "raw_context": {
      "url": "{\n  \"timestamp\": \"2026-04-17T12:10:00\",\n  \"src_ip\": \"192.168.1.20\",\n  \"dst_ip\": \"172.217.20.14\",\n  \"protocol\": \"TCP\",\n  \"src_port\": 51520,\n  \"dst_port\": 443,\n  \"service\": \"HTTPS\",\n  \"duration\": 12,\n  \"packets\": 24,\n  \"bytes_sent\": 3200,\n  \"bytes_received\": 18400,\n  \"flag\": \"SF\",\n  \"label\": \"safe\"\n}",
      "query": ""
    }
  },
  {
    "generated_at": "2026-04-17T18:51:12.681455+00:00",
    "source_type": "web",
    "row_index": 9,
    "anomaly_score": 15.810617,
    "prediction": "anomaly",
    "threshold": 0.006936572690702766,
    "threat_score": 100.0,
    "threat_level": "critical",
    "source_ip": "192.168.1.20",
    "username": null,
    "event_time": "2026-04-17T12:10:00",
    "host": null,
    "attack_type": "Web Anomaly",
    "recommended_actions": [
      "Block or rate-limit the source IP on the firewall/WAF.",
      "Escalate to the security team and open an incident ticket."
    ],
    "raw_context": {
      "url": "{\n  \"timestamp\": \"2026-04-17T12:10:00\",\n  \"src_ip\": \"192.168.1.20\",\n  \"dst_ip\": \"172.217.20.14\",\n  \"protocol\": \"TCP\",\n  \"src_port\": 51520,\n  \"dst_port\": 443,\n  \"service\": \"HTTPS\",\n  \"duration\": 12,\n  \"packets\": 24,\n  \"bytes_sent\": 3200,\n  \"bytes_received\": 18400,\n  \"flag\": \"SF\",\n  \"label\": \"safe\"\n}",
      "query": ""
    }
  },
  {
    "generated_at": "2026-04-17T18:51:19.344762+00:00",
    "source_type": "web",
    "row_index": 9,
    "anomaly_score": 15.065913,
    "prediction": "anomaly",
    "threshold": 0.006936572690702766,
    "threat_score": 100.0,
    "threat_level": "critical",
    "source_ip": "192.168.1.20",
    "username": null,
    "event_time": "2026-04-17T18:51:19.344762Z",
    "host": null,
    "attack_type": "Web Anomaly",
    "recommended_actions": [
      "Block or rate-limit the source IP on the firewall/WAF.",
      "Escalate to the security team and open an incident ticket."
    ],
    "raw_context": {
      "url": "{\n  \"timestamp\": \"2026-04-17T12:10:00\",\n  \"src_ip\": \"192.168.1.20\",\n  \"dst_ip\": \"172.217.20.14\",\n  \"protocol\": \"TCP\",\n  \"src_port\": 51520,\n  \"dst_port\": 443,\n  \"service\": \"HTTPS\",\n  \"duration\": 12,\n  \"packets\": 24,\n  \"bytes_sent\": 3200,\n  \"bytes_received\": 18400,\n  \"flag\": \"SF\",\n\n}",
      "query": ""
    }
  },
  {
    "generated_at": "2026-04-17T18:51:20.575925+00:00",
    "source_type": "web",
    "row_index": 9,
    "anomaly_score": 15.065913,
    "prediction": "anomaly",
    "threshold": 0.006936572690702766,
    "threat_score": 100.0,
    "threat_level": "critical",
    "source_ip": "192.168.1.20",
    "username": null,
    "event_time": "2026-04-17T18:51:20.576727Z",
    "host": null,
    "attack_type": "Web Anomaly",
    "recommended_actions": [
      "Block or rate-limit the source IP on the firewall/WAF.",
      "Escalate to the security team and open an incident ticket."
    ],
    "raw_context": {
      "url": "{\n  \"timestamp\": \"2026-04-17T12:10:00\",\n  \"src_ip\": \"192.168.1.20\",\n  \"dst_ip\": \"172.217.20.14\",\n  \"protocol\": \"TCP\",\n  \"src_port\": 51520,\n  \"dst_port\": 443,\n  \"service\": \"HTTPS\",\n  \"duration\": 12,\n  \"packets\": 24,\n  \"bytes_sent\": 3200,\n  \"bytes_received\": 18400,\n  \"flag\": \"SF\",\n\n}",
      "query": ""
    }
  },
  {
    "generated_at": "2026-04-17T18:51:29.374927+00:00",
    "source_type": "web",
    "row_index": 9,
    "anomaly_score": 17.045973,
    "prediction": "anomaly",
    "threshold": 0.006936572690702766,
    "threat_score": 100.0,
    "threat_level": "critical",
    "source_ip": "203.0.113.45",
    "username": null,
    "event_time": "2026-04-17T12:30:10",
    "host": null,
    "attack_type": "Web Anomaly",
    "recommended_actions": [
      "Block or rate-limit the source IP on the firewall/WAF.",
      "Escalate to the security team and open an incident ticket."
    ],
    "raw_context": {
      "url": "{\n  \"timestamp\": \"2026-04-17T12:30:10\",\n  \"src_ip\": \"203.0.113.45\",\n  \"dst_ip\": \"192.168.1.100\",\n  \"protocol\": \"TCP\",\n  \"src_port\": 40001,\n  \"dst_port\": 80,\n  \"service\": \"HTTP\",\n  \"duration\": 0,\n  \"packets\": 1500,\n  \"bytes_sent\": 950000,\n  \"bytes_received\": 0,\n  \"flag\": \"S0\",\n  \"label\": \"attack\",\n  \"attack_type\": \"DDoS\"\n}",
      "query": ""
    }
  },
  {
    "generated_at": "2026-04-17T18:51:30.626596+00:00",
    "source_type": "web",
    "row_index": 9,
    "anomaly_score": 17.045973,
    "prediction": "anomaly",
    "threshold": 0.006936572690702766,
    "threat_score": 100.0,
    "threat_level": "critical",
    "source_ip": "203.0.113.45",
    "username": null,
    "event_time": "2026-04-17T12:30:10",
    "host": null,
    "attack_type": "Web Anomaly",
    "recommended_actions": [
      "Block or rate-limit the source IP on the firewall/WAF.",
      "Escalate to the security team and open an incident ticket."
    ],
    "raw_context": {
      "url": "{\n  \"timestamp\": \"2026-04-17T12:30:10\",\n  \"src_ip\": \"203.0.113.45\",\n  \"dst_ip\": \"192.168.1.100\",\n  \"protocol\": \"TCP\",\n  \"src_port\": 40001,\n  \"dst_port\": 80,\n  \"service\": \"HTTP\",\n  \"duration\": 0,\n  \"packets\": 1500,\n  \"bytes_sent\": 950000,\n  \"bytes_received\": 0,\n  \"flag\": \"S0\",\n  \"label\": \"attack\",\n  \"attack_type\": \"DDoS\"\n}",
      "query": ""
    }
  },
  {
    "generated_at": "2026-04-17T18:51:32.297034+00:00",
    "source_type": "web",
    "row_index": 9,
    "anomaly_score": 17.045973,
    "prediction": "anomaly",
    "threshold": 0.006936572690702766,
    "threat_score": 100.0,
    "threat_level": "critical",
    "source_ip": "203.0.113.45",
    "username": null,
    "event_time": "2026-04-17T12:30:10",
    "host": null,
    "attack_type": "Web Anomaly",
    "recommended_actions": [
      "Block or rate-limit the source IP on the firewall/WAF.",
      "Escalate to the security team and open an incident ticket."
    ],
    "raw_context": {
      "url": "{\n  \"timestamp\": \"2026-04-17T12:30:10\",\n  \"src_ip\": \"203.0.113.45\",\n  \"dst_ip\": \"192.168.1.100\",\n  \"protocol\": \"TCP\",\n  \"src_port\": 40001,\n  \"dst_port\": 80,\n  \"service\": \"HTTP\",\n  \"duration\": 0,\n  \"packets\": 1500,\n  \"bytes_sent\": 950000,\n  \"bytes_received\": 0,\n  \"flag\": \"S0\",\n  \"label\": \"attack\",\n  \"attack_type\": \"DDoS\"\n}",
      "query": ""
    }
  },
  {
    "generated_at": "2026-04-17T18:51:58.633365+00:00",
    "source_type": "web",
    "row_index": 9,
    "anomaly_score": 21.421202,
    "prediction": "anomaly",
    "threshold": 0.006936572690702766,
    "threat_score": 100.0,
    "threat_level": "critical",
    "source_ip": "198.51.100.77",
    "username": null,
    "event_time": "2026-04-17T12:31:44",
    "host": null,
    "attack_type": "Web Anomaly",
    "recommended_actions": [
      "Block or rate-limit the source IP on the firewall/WAF.",
      "Escalate to the security team and open an incident ticket."
    ],
    "raw_context": {
      "url": "{\n    \"timestamp\": \"2026-04-17T12:31:44\",\n    \"src_ip\": \"198.51.100.77\",\n    \"dst_ip\": \"192.168.1.105\",\n    \"protocol\": \"TCP\",\n    \"src_port\": 51220,\n    \"dst_port\": 22,\n    \"service\": \"SSH\",\n    \"duration\": 20,\n    \"packets\": 300,\n    \"bytes_sent\": 12000,\n    \"bytes_received\": 4000,\n    \"flag\": \"REJ\",\n    \"label\": \"attack\",\n    \"attack_type\": \"Brute Force\"\n  }",
      "query": ""
    }
  },
  {
    "generated_at": "2026-04-17T18:51:59.754715+00:00",
    "source_type": "web",
    "row_index": 9,
    "anomaly_score": 21.421202,
    "prediction": "anomaly",
    "threshold": 0.006936572690702766,
    "threat_score": 100.0,
    "threat_level": "critical",
    "source_ip": "198.51.100.77",
    "username": null,
    "event_time": "2026-04-17T12:31:44",
    "host": null,
    "attack_type": "Web Anomaly",
    "recommended_actions": [
      "Block or rate-limit the source IP on the firewall/WAF.",
      "Escalate to the security team and open an incident ticket."
    ],
    "raw_context": {
      "url": "{\n    \"timestamp\": \"2026-04-17T12:31:44\",\n    \"src_ip\": \"198.51.100.77\",\n    \"dst_ip\": \"192.168.1.105\",\n    \"protocol\": \"TCP\",\n    \"src_port\": 51220,\n    \"dst_port\": 22,\n    \"service\": \"SSH\",\n    \"duration\": 20,\n    \"packets\": 300,\n    \"bytes_sent\": 12000,\n    \"bytes_received\": 4000,\n    \"flag\": \"REJ\",\n    \"label\": \"attack\",\n    \"attack_type\": \"Brute Force\"\n  }",
      "query": ""
    }
  },
  {
    "generated_at": "2026-04-17T18:52:00.402846+00:00",
    "source_type": "web",
    "row_index": 9,
    "anomaly_score": 21.421202,
    "prediction": "anomaly",
    "threshold": 0.006936572690702766,
    "threat_score": 100.0,
    "threat_level": "critical",
    "source_ip": "198.51.100.77",
    "username": null,
    "event_time": "2026-04-17T12:31:44",
    "host": null,
    "attack_type": "Web Anomaly",
    "recommended_actions": [
      "Block or rate-limit the source IP on the firewall/WAF.",
      "Escalate to the security team and open an incident ticket."
    ],
    "raw_context": {
      "url": "{\n    \"timestamp\": \"2026-04-17T12:31:44\",\n    \"src_ip\": \"198.51.100.77\",\n    \"dst_ip\": \"192.168.1.105\",\n    \"protocol\": \"TCP\",\n    \"src_port\": 51220,\n    \"dst_port\": 22,\n    \"service\": \"SSH\",\n    \"duration\": 20,\n    \"packets\": 300,\n    \"bytes_sent\": 12000,\n    \"bytes_received\": 4000,\n    \"flag\": \"REJ\",\n    \"label\": \"attack\",\n    \"attack_type\": \"Brute Force\"\n  }",
      "query": ""
    }
  },
  {
    "generated_at": "2026-04-17T18:52:01.096416+00:00",
    "source_type": "web",
    "row_index": 9,
    "anomaly_score": 21.421202,
    "prediction": "anomaly",
    "threshold": 0.006936572690702766,
    "threat_score": 100.0,
    "threat_level": "critical",
    "source_ip": "198.51.100.77",
    "username": null,
    "event_time": "2026-04-17T12:31:44",
    "host": null,
    "attack_type": "Web Anomaly",
    "recommended_actions": [
      "Block or rate-limit the source IP on the firewall/WAF.",
      "Escalate to the security team and open an incident ticket."
    ],
    "raw_context": {
      "url": "{\n    \"timestamp\": \"2026-04-17T12:31:44\",\n    \"src_ip\": \"198.51.100.77\",\n    \"dst_ip\": \"192.168.1.105\",\n    \"protocol\": \"TCP\",\n    \"src_port\": 51220,\n    \"dst_port\": 22,\n    \"service\": \"SSH\",\n    \"duration\": 20,\n    \"packets\": 300,\n    \"bytes_sent\": 12000,\n    \"bytes_received\": 4000,\n    \"flag\": \"REJ\",\n    \"label\": \"attack\",\n    \"attack_type\": \"Brute Force\"\n  }",
      "query": ""
    }
  },
  {
    "generated_at": "2026-04-17T18:52:01.936329+00:00",
    "source_type": "web",
    "row_index": 9,
    "anomaly_score": 21.421202,
    "prediction": "anomaly",
    "threshold": 0.006936572690702766,
    "threat_score": 100.0,
    "threat_level": "critical",
    "source_ip": "198.51.100.77",
    "username": null,
    "event_time": "2026-04-17T12:31:44",
    "host": null,
    "attack_type": "Web Anomaly",
    "recommended_actions": [
      "Block or rate-limit the source IP on the firewall/WAF.",
      "Escalate to the security team and open an incident ticket."
    ],
    "raw_context": {
      "url": "{\n    \"timestamp\": \"2026-04-17T12:31:44\",\n    \"src_ip\": \"198.51.100.77\",\n    \"dst_ip\": \"192.168.1.105\",\n    \"protocol\": \"TCP\",\n    \"src_port\": 51220,\n    \"dst_port\": 22,\n    \"service\": \"SSH\",\n    \"duration\": 20,\n    \"packets\": 300,\n    \"bytes_sent\": 12000,\n    \"bytes_received\": 4000,\n    \"flag\": \"REJ\",\n    \"label\": \"attack\",\n    \"attack_type\": \"Brute Force\"\n  }",
      "query": ""
    }
  },
  {
    "generated_at": "2026-04-17T18:53:02.483058+00:00",
    "source_type": "windows",
    "row_index": 9,
    "anomaly_score": 1192847.937772,
    "prediction": "anomaly",
    "threshold": 0.33231965863918606,
    "threat_score": 100.0,
    "threat_level": "critical",
    "source_ip": "185.234.219.5",
    "username": "Administrator",
    "event_time": "2026-04-17T18:53:02.484074Z",
    "host": null,
    "attack_type": "Brute Force / Failed Logon",
    "recommended_actions": [
      "Review the affected host and recent Windows security events around the same time.",
      "Reset impacted credentials, enable MFA, and review failed login spikes.",
      "Escalate to the security team and open an incident ticket."
    ],
    "raw_context": {
      "event_id": 4625,
      "task_category": "2024-04-17 03:11:42 Security EventID=4625 An account failed to log on User=Administrator SRC=185.234.219.5 FailureReason=Unknown user or bad password",
      "host": null
    }
  },
  {
    "generated_at": "2026-04-17T18:53:19.849916+00:00",
    "source_type": "windows",
    "row_index": 9,
    "anomaly_score": 1192847.937772,
    "prediction": "anomaly",
    "threshold": 0.33231965863918606,
    "threat_score": 100.0,
    "threat_level": "critical",
    "source_ip": "185.234.219.5",
    "username": "Administrator",
    "event_time": "2026-04-17T18:53:19.849916Z",
    "host": null,
    "attack_type": "Windows Anomaly",
    "recommended_actions": [
      "Review the affected host and recent Windows security events around the same time.",
      "Escalate to the security team and open an incident ticket."
    ],
    "raw_context": {
      "event_id": 4625,
      "source": "Microsoft-Windows-Security-Auditing",
      "task_category": "An account failed to log on"
    }
  },
  {
    "generated_at": "2026-04-17T18:56:57.965229+00:00",
    "source_type": "windows",
    "row_index": 9,
    "anomaly_score": 1192331.003838,
    "prediction": "anomaly",
    "threshold": 0.33231965863918606,
    "threat_score": 100.0,
    "threat_level": "critical",
    "source_ip": "192.168.1.20",
    "username": "Ahmed",
    "event_time": "2026-04-17T18:56:57.965229Z",
    "host": null,
    "attack_type": "Windows Anomaly",
    "recommended_actions": [
      "Review the affected host and recent Windows security events around the same time.",
      "Escalate to the security team and open an incident ticket."
    ],
    "raw_context": {
      "event_id": 4624,
      "task_category": "2024-04-17 09:14:02 Security EventID=4624 An account was successfully logged on User=Ahmed SRC=192.168.1.20 LogonType=2",
      "host": null
    }
  },
  {
    "generated_at": "2026-04-17T18:57:11.465164+00:00",
    "source_type": "windows",
    "row_index": 9,
    "anomaly_score": 1197505.382006,
    "prediction": "anomaly",
    "threshold": 0.33231965863918606,
    "threat_score": 100.0,
    "threat_level": "critical",
    "source_ip": "192.168.1.20",
    "username": "Ahmed",
    "event_time": "2026-04-17T18:57:11.467058Z",
    "host": null,
    "attack_type": "Windows Anomaly",
    "recommended_actions": [
      "Review the affected host and recent Windows security events around the same time.",
      "Escalate to the security team and open an incident ticket."
    ],
    "raw_context": {
      "event_id": 4634,
      "task_category": "2024-04-17 09:16:11 Security EventID=4634 An account was logged off User=Ahmed SRC=192.168.1.20",
      "host": null
    }
  },
  {
    "generated_at": "2026-04-17T18:57:19.528659+00:00",
    "source_type": "windows",
    "row_index": 9,
    "anomaly_score": 1217270.197427,
    "prediction": "anomaly",
    "threshold": 0.33231965863918606,
    "threat_score": 100.0,
    "threat_level": "critical",
    "source_ip": "192.168.1.10",
    "username": "Administrator",
    "event_time": "2026-04-17T18:57:19.530679Z",
    "host": null,
    "attack_type": "Privilege Escalation Activity",
    "recommended_actions": [
      "Review the affected host and recent Windows security events around the same time.",
      "Audit group memberships/privileges and verify whether the change was authorized.",
      "Escalate to the security team and open an incident ticket."
    ],
    "raw_context": {
      "event_id": 4672,
      "task_category": "2024-04-17 10:02:45 Security EventID=4672 Special privileges assigned to new logon User=Administrator SRC=192.168.1.10",
      "host": null
    }
  },
  {
    "generated_at": "2026-04-17T18:57:56.235206+00:00",
    "source_type": "web",
    "row_index": 9,
    "anomaly_score": 10.407394,
    "prediction": "anomaly",
    "threshold": 0.006936572690702766,
    "threat_score": 100.0,
    "threat_level": "critical",
    "source_ip": null,
    "username": null,
    "event_time": "2026-04-17T18:57:56.235206Z",
    "host": null,
    "attack_type": "Web Anomaly",
    "recommended_actions": [
      "Block or rate-limit the source IP on the firewall/WAF.",
      "Escalate to the security team and open an incident ticket."
    ],
    "raw_context": {
      "url": "GET /home HTTP/1.1",
      "query": ""
    }
  },
  {
    "generated_at": "2026-04-17T19:13:29.731631+00:00",
    "source_type": "windows",
    "row_index": 9,
    "anomaly_score": 1192847.937772,
    "prediction": "anomaly",
    "threshold": 0.33231965863918606,
    "threat_score": 100.0,
    "threat_level": "critical",
    "source_ip": "185.234.219.5",
    "username": "Administrator",
    "event_time": "2026-04-17T19:13:29.740144Z",
    "host": null,
    "attack_type": "Brute Force / Failed Logon",
    "recommended_actions": [
      "Review the affected host and recent Windows security events around the same time.",
      "Reset impacted credentials, enable MFA, and review failed login spikes.",
      "Escalate to the security team and open an incident ticket."
    ],
    "raw_context": {
      "event_id": 4625,
      "task_category": "2024-04-17 03:11:42 Security EventID=4625 An account failed to log on User=Administrator SRC=185.234.219.5 FailureReason=Unknown user or bad password",
      "host": null
    }
  },
  {
    "generated_at": "2026-04-17T19:13:33.610711+00:00",
    "source_type": "windows",
    "row_index": 9,
    "anomaly_score": 1192847.937772,
    "prediction": "anomaly",
    "threshold": 0.33231965863918606,
    "threat_score": 100.0,
    "threat_level": "critical",
    "source_ip": "185.234.219.5",
    "username": "Administrator",
    "event_time": "2026-04-17T19:13:33.610711Z",
    "host": null,
    "attack_type": "Windows Anomaly",
    "recommended_actions": [
      "Review the affected host and recent Windows security events around the same time.",
      "Escalate to the security team and open an incident ticket."
    ],
    "raw_context": {
      "event_id": 4625,
      "source": "Microsoft-Windows-Security-Auditing",
      "task_category": "An account failed to log on"
    }
  },
  {
    "generated_at": "2026-04-17T19:13:35.514763+00:00",
    "source_type": "windows",
    "row_index": 9,
    "anomaly_score": 1192847.937772,
    "prediction": "anomaly",
    "threshold": 0.33231965863918606,
    "threat_score": 100.0,
    "threat_level": "critical",
    "source_ip": "185.234.219.5",
    "username": "Administrator",
    "event_time": "2026-04-17T19:13:35.519139Z",
    "host": null,
    "attack_type": "Windows Anomaly",
    "recommended_actions": [
      "Review the affected host and recent Windows security events around the same time.",
      "Escalate to the security team and open an incident ticket."
    ],
    "raw_context": {
      "event_id": 4625,
      "source": "Microsoft-Windows-Security-Auditing",
      "task_category": "An account failed to log on"
    }
  },
  {
    "generated_at": "2026-04-17T19:13:36.493964+00:00",
    "source_type": "windows",
    "row_index": 9,
    "anomaly_score": 1192847.937772,
    "prediction": "anomaly",
    "threshold": 0.33231965863918606,
    "threat_score": 100.0,
    "threat_level": "critical",
    "source_ip": "185.234.219.5",
    "username": "Administrator",
    "event_time": "2026-04-17T19:13:36.493964Z",
    "host": null,
    "attack_type": "Windows Anomaly",
    "recommended_actions": [
      "Review the affected host and recent Windows security events around the same time.",
      "Escalate to the security team and open an incident ticket."
    ],
    "raw_context": {
      "event_id": 4625,
      "source": "Microsoft-Windows-Security-Auditing",
      "task_category": "An account failed to log on"
    }
  },
  {
    "generated_at": "2026-04-17T19:17:51.573441+00:00",
    "source_type": "windows",
    "row_index": 9,
    "anomaly_score": 1192847.937772,
    "prediction": "anomaly",
    "threshold": 0.33231965863918606,
    "threat_score": 100.0,
    "threat_level": "critical",
    "source_ip": "185.234.219.5",
    "username": "Administrator",
    "event_time": "2026-04-17T19:17:51.573441Z",
    "host": null,
    "attack_type": "Brute Force / Failed Logon",
    "recommended_actions": [
      "Review the affected host and recent Windows security events around the same time.",
      "Reset impacted credentials, enable MFA, and review failed login spikes.",
      "Escalate to the security team and open an incident ticket."
    ],
    "raw_context": {
      "event_id": 4625,
      "task_category": "2024-04-17 03:11:42 Security EventID=4625 An account failed to log on User=Administrator SRC=185.234.219.5 FailureReason=Unknown user or bad password",
      "host": null,
      "source_ip": "185.234.219.5",
      "username": "Administrator"
    }
  },
  {
    "generated_at": "2026-04-17T19:18:00.826282+00:00",
    "source_type": "web",
    "row_index": 9,
    "anomaly_score": 11.0396,
    "prediction": "anomaly",
    "threshold": 0.006936572690702766,
    "threat_score": 100.0,
    "threat_level": "critical",
    "source_ip": null,
    "username": "admin",
    "event_time": "2026-04-17T19:18:00.826282Z",
    "host": null,
    "attack_type": "SQL Injection",
    "recommended_actions": [
      "Block or rate-limit the source IP on the firewall/WAF.",
      "Inspect the vulnerable endpoint, sanitize inputs, and review recent database queries.",
      "Escalate to the security team and open an incident ticket."
    ],
    "raw_context": {
      "url": "GET /login?username=admin' OR 1=1--&password=x HTTP/1.1",
      "query": "username=admin' OR 1=1--&password=x HTTP/1.1",
      "source_ip": null,
      "username": "admin"
    }
  },
  {
    "generated_at": "2026-04-17T19:18:09.738956+00:00",
    "source_type": "network",
    "row_index": 19,
    "anomaly_score": 603.110705,
    "prediction": "anomaly",
    "threshold": 0.6430182176908295,
    "threat_score": 100.0,
    "threat_level": "critical",
    "source_ip": "185.220.101.45",
    "username": null,
    "event_time": "2026-04-17T19:18:09.738956Z",
    "host": null,
    "attack_type": "Port Scan / Reconnaissance",
    "recommended_actions": [
      "Block or rate-limit the source IP on the firewall/WAF.",
      "Escalate to the security team and open an incident ticket."
    ],
    "raw_context": {
      "source_ip": "185.220.101.45",
      "username": null
    }
  },
  {
    "generated_at": "2026-04-17T19:20:02.910994+00:00",
    "source_type": "windows",
    "row_index": 9,
    "anomaly_score": 1192331.003838,
    "prediction": "anomaly",
    "threshold": 0.33231965863918606,
    "threat_score": 100.0,
    "threat_level": "critical",
    "source_ip": "192.168.1.20",
    "username": "Ahmed",
    "event_time": "2026-04-17T19:20:02.910994Z",
    "host": null,
    "attack_type": "Windows Anomaly",
    "recommended_actions": [
      "Review the affected host and recent Windows security events around the same time.",
      "Escalate to the security team and open an incident ticket."
    ],
    "raw_context": {
      "event_id": 4624,
      "task_category": "2024-04-17 09:14:02 Security EventID=4624 An account was successfully logged on User=Ahmed SRC=192.168.1.20",
      "host": null,
      "source_ip": "192.168.1.20",
      "username": "Ahmed"
    }
  },
  {
    "generated_at": "2026-04-17T19:20:14.632714+00:00",
    "source_type": "web",
    "row_index": 9,
    "anomaly_score": 10.407394,
    "prediction": "anomaly",
    "threshold": 0.006936572690702766,
    "threat_score": 100.0,
    "threat_level": "critical",
    "source_ip": null,
    "username": null,
    "event_time": "2026-04-17T19:20:14.632714Z",
    "host": null,
    "attack_type": "Web Anomaly",
    "recommended_actions": [
      "Block or rate-limit the source IP on the firewall/WAF.",
      "Escalate to the security team and open an incident ticket."
    ],
    "raw_context": {
      "url": "GET /home HTTP/1.1",
      "query": "",
      "source_ip": null,
      "username": null
    }
  },
  {
    "generated_at": "2026-04-18T15:27:08.797772+00:00",
    "source_type": "windows",
    "row_index": 0,
    "anomaly_score": 1192331.003838,
    "prediction": "normal",
    "threshold": 1192331.0038381224,
    "threat_score": 60.0,
    "threat_level": "high",
    "source_ip": "192.168.1.20",
    "username": "Ahmed",
    "event_time": "2026-04-18T15:27:08.798974Z",
    "host": null,
    "attack_type": "Normal Activity",
    "recommended_actions": [
      "Review the affected host and recent Windows security events around the same time.",
      "Escalate to the security team and open an incident ticket."
    ],
    "raw_context": {
      "event_id": 4624,
      "task_category": "2024-04-17 09:14:02 Security EventID=4624 An account was successfully logged on User=Ahmed SRC=192.168.1.20",
      "host": null,
      "source_ip": "192.168.1.20",
      "username": "Ahmed"
    }
  },
